[custom_lint] 2025-07-27T00:52:31.132690 /Users/colaborador/development/labs/tools/lint/boti_lints/lib/src/no_emit_after_async_gap.dart:84:50: Error: The argument type 'Statement' can't be assigned to the parameter type 'Expression'.
[custom_lint] 2025-07-27T00:52:31.132690  - 'Statement' is from 'package:analyzer/src/dart/ast/ast.dart' ('/Users/colaborador/.pub-cache/hosted/pub.dev/analyzer-6.11.0/lib/src/dart/ast/ast.dart').
[custom_lint] 2025-07-27T00:52:31.132690  - 'Expression' is from 'package:analyzer/src/dart/ast/ast.dart' ('/Users/colaborador/.pub-cache/hosted/pub.dev/analyzer-6.11.0/lib/src/dart/ast/ast.dart').
[custom_lint] 2025-07-27T00:52:31.132690         if (_statementExits(_unparenthesize(node.thenStatement) as Statement)) {
[custom_lint] 2025-07-27T00:52:31.132690                                                  ^
[custom_lint] 2025-07-27T00:52:31.132690 /Users/colaborador/development/labs/tools/lint/boti_lints/lib/src/no_emit_after_async_gap.dart:110:48: Error: The argument type 'Statement' can't be assigned to the parameter type 'Expression'.
[custom_lint] 2025-07-27T00:52:31.132690  - 'Statement' is from 'package:analyzer/src/dart/ast/ast.dart' ('/Users/colaborador/.pub-cache/hosted/pub.dev/analyzer-6.11.0/lib/src/dart/ast/ast.dart').
[custom_lint] 2025-07-27T00:52:31.132690  - 'Expression' is from 'package:analyzer/src/dart/ast/ast.dart' ('/Users/colaborador/.pub-cache/hosted/pub.dev/analyzer-6.11.0/lib/src/dart/ast/ast.dart').
[custom_lint] 2025-07-27T00:52:31.132690           _unparenthesize(statement.statements.last) as Statement;
[custom_lint] 2025-07-27T00:52:31.132690                                                ^
[custom_lint] 2025-07-27T00:52:31.132690
[custom_lint] 2025-07-27T00:52:31.132690
Failed to start pluginsThe request analysis.setContextRoots failed with the following error:
RequestErrorCode.PLUGIN_ERROR
Bad state: Failed to start the plugins.
at:
#0      SocketCustomLintServerToClientChannel._checkInitializationFail.<anonymous closure> (package:custom_lint/src/v2/server_to_client_channel.dart:223:11)
<asynchronous suspension>
#1      Future.any.onValue (dart:async/future.dart:616:5)
<asynchronous suspension>

[custom_lint] 2025-07-27T00:52:59.355379 /Users/colaborador/development/labs/tools/lint/boti_lints/lib/src/no_emit_after_async_gap.dart:84:50: Error: The argument type 'Statement' can't be assigned to the parameter type 'Expression'.
[custom_lint] 2025-07-27T00:52:59.355379  - 'Statement' is from 'package:analyzer/src/dart/ast/ast.dart' ('/Users/colaborador/.pub-cache/hosted/pub.dev/analyzer-6.11.0/lib/src/dart/ast/ast.dart').
[custom_lint] 2025-07-27T00:52:59.355379  - 'Expression' is from 'package:analyzer/src/dart/ast/ast.dart' ('/Users/colaborador/.pub-cache/hosted/pub.dev/analyzer-6.11.0/lib/src/dart/ast/ast.dart').
[custom_lint] 2025-07-27T00:52:59.355379         if (_statementExits(_unparenthesize(node.thenStatement) as Statement)) {
[custom_lint] 2025-07-27T00:52:59.355379                                                  ^
[custom_lint] 2025-07-27T00:52:59.355379 /Users/colaborador/development/labs/tools/lint/boti_lints/lib/src/no_emit_after_async_gap.dart:110:48: Error: The argument type 'Statement' can't be assigned to the parameter type 'Expression'.
[custom_lint] 2025-07-27T00:52:59.355379  - 'Statement' is from 'package:analyzer/src/dart/ast/ast.dart' ('/Users/colaborador/.pub-cache/hosted/pub.dev/analyzer-6.11.0/lib/src/dart/ast/ast.dart').
[custom_lint] 2025-07-27T00:52:59.355379  - 'Expression' is from 'package:analyzer/src/dart/ast/ast.dart' ('/Users/colaborador/.pub-cache/hosted/pub.dev/analyzer-6.11.0/lib/src/dart/ast/ast.dart').
[custom_lint] 2025-07-27T00:52:59.355379           _unparenthesize(statement.statements.last) as Statement;
[custom_lint] 2025-07-27T00:52:59.355379                                                ^
[custom_lint] 2025-07-27T00:52:59.355379
[custom_lint] 2025-07-27T00:52:59.355379
Failed to start pluginsThe request analysis.setContextRoots failed with the following error:
RequestErrorCode.PLUGIN_ERROR
Bad state: Failed to start the plugins.
at:
#0      SocketCustomLintServerToClientChannel._checkInitializationFail.<anonymous closure> (package:custom_lint/src/v2/server_to_client_channel.dart:223:11)
<asynchronous suspension>
#1      Future.any.onValue (dart:async/future.dart:616:5)
<asynchronous suspension>

